[29-Apr-2026 22:20:31 UTC] PHP Warning:  mysqli_real_connect(): (HY000/2002): No such file or directory in /var/www/html/xtream4x4/wp-includes/class-wpdb.php on line 1994
[29-Apr-2026 22:23:24 UTC] PHP Warning:  mysqli_real_connect(): (HY000/2002): No such file or directory in /var/www/html/xtream4x4/wp-includes/class-wpdb.php on line 1994
[29-Apr-2026 22:36:41 UTC] PHP Warning:  Constant XTHEME_DIR already defined in /var/www/html/xtream4x4/wp-content/themes/xtreme-offroad/functions.php on line 10
[29-Apr-2026 22:36:41 UTC] PHP Warning:  Constant XTHEME_URI already defined in /var/www/html/xtream4x4/wp-content/themes/xtreme-offroad/functions.php on line 11
[29-Apr-2026 22:36:41 UTC] PHP Warning:  require(/var/www/html/xtream4x4/wp-content/plugins/xtreme-plugin//inc/template-tags.php): Failed to open stream: No such file or directory in /var/www/html/xtream4x4/wp-content/themes/xtreme-offroad/functions.php on line 135
[29-Apr-2026 22:36:41 UTC] PHP Fatal error:  Uncaught Error: Failed opening required '/var/www/html/xtream4x4/wp-content/plugins/xtreme-plugin//inc/template-tags.php' (include_path='.:') in /var/www/html/xtream4x4/wp-content/themes/xtreme-offroad/functions.php:135
Stack trace:
#0 /var/www/html/xtream4x4/wp-settings.php(710): include()
#1 /var/www/html/xtream4x4/wp-config.php(97): require_once('/var/www/html/x...')
#2 /var/www/html/xtream4x4/wp-load.php(50): require_once('/var/www/html/x...')
#3 Command line code(2): require_once('/var/www/html/x...')
#4 {main}
  thrown in /var/www/html/xtream4x4/wp-content/themes/xtreme-offroad/functions.php on line 135
[29-Apr-2026 23:01:26 UTC] PHP Warning:  mysqli_real_connect(): (HY000/2002): No such file or directory in /var/www/html/xtream4x4/wp-includes/class-wpdb.php on line 1994
[29-Apr-2026 23:37:09 UTC] PHP Warning:  Undefined array key "SERVER_NAME" in /var/www/html/xtream4x4/wp-includes/general-template.php on line 3878
[29-Apr-2026 23:37:09 UTC] PHP Warning:  Undefined array key "SERVER_NAME" in /var/www/html/xtream4x4/wp-includes/general-template.php on line 3878
[30-Apr-2026 00:10:47 UTC] PHP Fatal error:  Uncaught Error: Call to undefined function xtreme_post_thumbnail() in /var/www/html/xtream4x4/wp-content/themes/xtreme-offroad/template-parts/content.php:33
Stack trace:
#0 /var/www/html/xtream4x4/wp-includes/template.php(816): require()
#1 /var/www/html/xtream4x4/wp-includes/template.php(749): load_template()
#2 /var/www/html/xtream4x4/wp-includes/general-template.php(206): locate_template()
#3 /var/www/html/xtream4x4/wp-content/themes/xtreme-offroad/index.php(34): get_template_part()
#4 /var/www/html/xtream4x4/wp-includes/template-loader.php(132): include('...')
#5 /var/www/html/xtream4x4/wp-blog-header.php(19): require_once('...')
#6 /var/www/html/xtream4x4/index.php(17): require('...')
#7 {main}
  thrown in /var/www/html/xtream4x4/wp-content/themes/xtreme-offroad/template-parts/content.php on line 33
[30-Apr-2026 00:11:03 UTC] PHP Fatal error:  Uncaught Error: Call to undefined function xtreme_post_thumbnail() in /var/www/html/xtream4x4/wp-content/themes/xtreme-offroad/template-parts/content.php:33
Stack trace:
#0 /var/www/html/xtream4x4/wp-includes/template.php(816): require()
#1 /var/www/html/xtream4x4/wp-includes/template.php(749): load_template()
#2 /var/www/html/xtream4x4/wp-includes/general-template.php(206): locate_template()
#3 /var/www/html/xtream4x4/wp-content/themes/xtreme-offroad/index.php(34): get_template_part()
#4 /var/www/html/xtream4x4/wp-includes/template-loader.php(132): include('...')
#5 /var/www/html/xtream4x4/wp-blog-header.php(19): require_once('...')
#6 /var/www/html/xtream4x4/index.php(17): require('...')
#7 {main}
  thrown in /var/www/html/xtream4x4/wp-content/themes/xtreme-offroad/template-parts/content.php on line 33
[30-Apr-2026 00:11:06 UTC] PHP Fatal error:  Uncaught Error: Call to undefined function xtreme_post_thumbnail() in /var/www/html/xtream4x4/wp-content/themes/xtreme-offroad/template-parts/content.php:33
Stack trace:
#0 /var/www/html/xtream4x4/wp-includes/template.php(816): require()
#1 /var/www/html/xtream4x4/wp-includes/template.php(749): load_template()
#2 /var/www/html/xtream4x4/wp-includes/general-template.php(206): locate_template()
#3 /var/www/html/xtream4x4/wp-content/themes/xtreme-offroad/index.php(34): get_template_part()
#4 /var/www/html/xtream4x4/wp-includes/template-loader.php(132): include('...')
#5 /var/www/html/xtream4x4/wp-blog-header.php(19): require_once('...')
#6 /var/www/html/xtream4x4/index.php(17): require('...')
#7 {main}
  thrown in /var/www/html/xtream4x4/wp-content/themes/xtreme-offroad/template-parts/content.php on line 33
[30-Apr-2026 00:11:08 UTC] PHP Fatal error:  Uncaught Error: Call to undefined function xtreme_post_thumbnail() in /var/www/html/xtream4x4/wp-content/themes/xtreme-offroad/template-parts/content.php:33
Stack trace:
#0 /var/www/html/xtream4x4/wp-includes/template.php(816): require()
#1 /var/www/html/xtream4x4/wp-includes/template.php(749): load_template()
#2 /var/www/html/xtream4x4/wp-includes/general-template.php(206): locate_template()
#3 /var/www/html/xtream4x4/wp-content/themes/xtreme-offroad/index.php(34): get_template_part()
#4 /var/www/html/xtream4x4/wp-includes/template-loader.php(132): include('...')
#5 /var/www/html/xtream4x4/wp-blog-header.php(19): require_once('...')
#6 /var/www/html/xtream4x4/index.php(17): require('...')
#7 {main}
  thrown in /var/www/html/xtream4x4/wp-content/themes/xtreme-offroad/template-parts/content.php on line 33
